2014/08/08 17:30:51 [error] [php] Undefined variable: model (F:\MyProjects\web\songcms\protected\modules\admin\views\editHtml\create.php:6)
Stack trace:
#0 F:\MyProjects\web\songcms\framework\web\CController.php(869): EditHtmlController->renderFile()
#1 F:\MyProjects\web\songcms\framework\web\CController.php(782): EditHtmlController->renderPartial()
#2 F:\MyProjects\web\songcms\protected\modules\admin\controllers\EditHtmlController.php(22): EditHtmlController->render()
#3 F:\MyProjects\web\songcms\framework\web\actions\CInlineAction.php(49): EditHtmlController->actionCreate()
#4 F:\MyProjects\web\songcms\framework\web\CController.php(308): CInlineAction->runWithParams()
#5 F:\MyProjects\web\songcms\framework\web\CController.php(286): EditHtmlController->runAction()
#6 F:\MyProjects\web\songcms\framework\web\CController.php(265): EditHtmlController->runActionWithFilters()
#7 F:\MyProjects\web\songcms\framework\web\CWebApplication.php(282): EditHtmlController->run()
#8 F:\MyProjects\web\songcms\framework\web\CWebApplication.php(141): CWebApplication->runController()
#9 F:\MyProjects\web\songcms\framework\base\CApplication.php(180): CWebApplication->processRequest()
#10 F:\MyProjects\web\songcms\index.php(13): CWebApplication->run()
REQUEST_URI=/admin/editHtml/create
in F:\MyProjects\web\songcms\protected\modules\admin\views\editHtml\create.php (6)
in F:\MyProjects\web\songcms\protected\modules\admin\controllers\EditHtmlController.php (22)
in F:\MyProjects\web\songcms\index.php (13)
2014/08/08 17:36:50 [error] [exception.CException] exception 'CException' with message 'Property "EditHtmlController._baseUrl" is not defined.' in F:\MyProjects\web\songcms\framework\base\CComponent.php:130
Stack trace:
#0 F:\MyProjects\web\songcms\protected\modules\admin\views\editHtml\_edit_form.php(1): CComponent->__get('_baseUrl')
#1 F:\MyProjects\web\songcms\framework\web\CBaseController.php(126): require('F:\MyProjects\w...')
#2 F:\MyProjects\web\songcms\framework\web\CBaseController.php(95): CBaseController->renderInternal('F:\MyProjects\w...', Array, true)
#3 F:\MyProjects\web\songcms\framework\web\CController.php(869): CBaseController->renderFile('F:\MyProjects\w...', Array, true)
#4 F:\MyProjects\web\songcms\protected\modules\admin\views\editHtml\create.php(8): CController->renderPartial('_edit_form', Array)
#5 F:\MyProjects\web\songcms\framework\web\CBaseController.php(126): require('F:\MyProjects\w...')
#6 F:\MyProjects\web\songcms\framework\web\CBaseController.php(95): CBaseController->renderInternal('F:\MyProjects\w...', Array, true)
#7 F:\MyProjects\web\songcms\framework\web\CController.php(869): CBaseController->renderFile('F:\MyProjects\w...', Array, true)
#8 F:\MyProjects\web\songcms\framework\web\CController.php(782): CController->renderPartial('create', Array, true)
#9 F:\MyProjects\web\songcms\protected\modules\admin\controllers\EditHtmlController.php(25): CController->render('create', Array)
#10 F:\MyProjects\web\songcms\framework\web\actions\CInlineAction.php(49): EditHtmlController->actionCreate()
#11 F:\MyProjects\web\songcms\framework\web\CController.php(308): CInlineAction->runWithParams(Array)
#12 F:\MyProjects\web\songcms\framework\web\CController.php(286): CController->runAction(Object(CInlineAction))
#13 F:\MyProjects\web\songcms\framework\web\CController.php(265): CController->runActionWithFilters(Object(CInlineAction), Array)
#14 F:\MyProjects\web\songcms\framework\web\CWebApplication.php(282): CController->run('create')
#15 F:\MyProjects\web\songcms\framework\web\CWebApplication.php(141): CWebApplication->runController('admin/editHtml/...')
#16 F:\MyProjects\web\songcms\framework\base\CApplication.php(180): CWebApplication->processRequest()
#17 F:\MyProjects\web\songcms\index.php(13): CApplication->run()
#18 {main}
REQUEST_URI=/admin/editHtml/create
---
2014/08/08 17:45:08 [error] [exception.CHttpException.404] exception 'CHttpException' with message 'Unable to resolve the request "static/js/ckeditor.js".' in F:\MyProjects\web\songcms\framework\web\CWebApplication.php:286
Stack trace:
#0 F:\MyProjects\web\songcms\framework\web\CWebApplication.php(141): CWebApplication->runController('static/js/ckedi...')
#1 F:\MyProjects\web\songcms\framework\base\CApplication.php(180): CWebApplication->processRequest()
#2 F:\MyProjects\web\songcms\index.php(13): CApplication->run()
#3 {main}
REQUEST_URI=/static/js/ckeditor.js
HTTP_REFERER=http://songcms.cc/admin/editHtml/create
---
2014/08/08 17:45:53 [error] [exception.CHttpException.404] exception 'CHttpException' with message 'Unable to resolve the request "static/js/ckeditor.js".' in F:\MyProjects\web\songcms\framework\web\CWebApplication.php:286
Stack trace:
#0 F:\MyProjects\web\songcms\framework\web\CWebApplication.php(141): CWebApplication->runController('static/js/ckedi...')
#1 F:\MyProjects\web\songcms\framework\base\CApplication.php(180): CWebApplication->processRequest()
#2 F:\MyProjects\web\songcms\index.php(13): CApplication->run()
#3 {main}
REQUEST_URI=/static/js/ckeditor.js
HTTP_REFERER=http://songcms.cc/admin/editHtml/create
---
2014/08/08 17:47:17 [error] [exception.CHttpException.404] exception 'CHttpException' with message 'Unable to resolve the request "static/js/ckeditor.js".' in F:\MyProjects\web\songcms\framework\web\CWebApplication.php:286
Stack trace:
#0 F:\MyProjects\web\songcms\framework\web\CWebApplication.php(141): CWebApplication->runController('static/js/ckedi...')
#1 F:\MyProjects\web\songcms\framework\base\CApplication.php(180): CWebApplication->processRequest()
#2 F:\MyProjects\web\songcms\index.php(13): CApplication->run()
#3 {main}
REQUEST_URI=/static/js/ckeditor.js
HTTP_REFERER=http://songcms.cc/admin/editHtml/create
---
2014/08/08 17:48:47 [error] [exception.CHttpException.404] exception 'CHttpException' with message 'Unable to resolve the request "static/js/ckeditor.js".' in F:\MyProjects\web\songcms\framework\web\CWebApplication.php:286
Stack trace:
#0 F:\MyProjects\web\songcms\framework\web\CWebApplication.php(141): CWebApplication->runController('static/js/ckedi...')
#1 F:\MyProjects\web\songcms\framework\base\CApplication.php(180): CWebApplication->processRequest()
#2 F:\MyProjects\web\songcms\index.php(13): CApplication->run()
#3 {main}
REQUEST_URI=/static/js/ckeditor.js
HTTP_REFERER=http://songcms.cc/admin/editHtml/create
---
2014/08/08 17:49:09 [error] [exception.CHttpException.404] exception 'CHttpException' with message 'Unable to resolve the request "static/js/ckeditor.js".' in F:\MyProjects\web\songcms\framework\web\CWebApplication.php:286
Stack trace:
#0 F:\MyProjects\web\songcms\framework\web\CWebApplication.php(141): CWebApplication->runController('static/js/ckedi...')
#1 F:\MyProjects\web\songcms\framework\base\CApplication.php(180): CWebApplication->processRequest()
#2 F:\MyProjects\web\songcms\index.php(13): CApplication->run()
#3 {main}
REQUEST_URI=/static/js/ckeditor.js
HTTP_REFERER=http://songcms.cc/admin/editHtml/create
---
2014/08/08 17:49:10 [error] [exception.CHttpException.404] exception 'CHttpException' with message 'Unable to resolve the request "static/js/ckeditor.js".' in F:\MyProjects\web\songcms\framework\web\CWebApplication.php:286
Stack trace:
#0 F:\MyProjects\web\songcms\framework\web\CWebApplication.php(141): CWebApplication->runController('static/js/ckedi...')
#1 F:\MyProjects\web\songcms\framework\base\CApplication.php(180): CWebApplication->processRequest()
#2 F:\MyProjects\web\songcms\index.php(13): CApplication->run()
#3 {main}
REQUEST_URI=/static/js/ckeditor.js
HTTP_REFERER=http://songcms.cc/admin/editHtml/create
---
2014/08/08 17:49:36 [error] [exception.CHttpException.404] exception 'CHttpException' with message 'Unable to resolve the request "static/js/ckeditor/ckeditor.js".' in F:\MyProjects\web\songcms\framework\web\CWebApplication.php:286
Stack trace:
#0 F:\MyProjects\web\songcms\framework\web\CWebApplication.php(141): CWebApplication->runController('static/js/ckedi...')
#1 F:\MyProjects\web\songcms\framework\base\CApplication.php(180): CWebApplication->processRequest()
#2 F:\MyProjects\web\songcms\index.php(13): CApplication->run()
#3 {main}
REQUEST_URI=/static/js/ckeditor/ckeditor.js
HTTP_REFERER=http://songcms.cc/admin/editHtml/create
---
2014/08/08 17:49:38 [error] [exception.CHttpException.404] exception 'CHttpException' with message 'Unable to resolve the request "static/js/ckeditor/ckeditor.js".' in F:\MyProjects\web\songcms\framework\web\CWebApplication.php:286
Stack trace:
#0 F:\MyProjects\web\songcms\framework\web\CWebApplication.php(141): CWebApplication->runController('static/js/ckedi...')
#1 F:\MyProjects\web\songcms\framework\base\CApplication.php(180): CWebApplication->processRequest()
#2 F:\MyProjects\web\songcms\index.php(13): CApplication->run()
#3 {main}
REQUEST_URI=/static/js/ckeditor/ckeditor.js
HTTP_REFERER=http://songcms.cc/admin/editHtml/create
---
2014/08/08 17:50:14 [error] [exception.CHttpException.404] exception 'CHttpException' with message 'Unable to resolve the request "static/js".' in F:\MyProjects\web\songcms\framework\web\CWebApplication.php:286
Stack trace:
#0 F:\MyProjects\web\songcms\framework\web\CWebApplication.php(141): CWebApplication->runController('static/js')
#1 F:\MyProjects\web\songcms\framework\base\CApplication.php(180): CWebApplication->processRequest()
#2 F:\MyProjects\web\songcms\index.php(13): CApplication->run()
#3 {main}
REQUEST_URI=/static/js/
---
2014/08/08 17:51:27 [error] [exception.CHttpException.404] exception 'CHttpException' with message 'Unable to resolve the request "static".' in F:\MyProjects\web\songcms\framework\web\CWebApplication.php:286
Stack trace:
#0 F:\MyProjects\web\songcms\framework\web\CWebApplication.php(141): CWebApplication->runController('static')
#1 F:\MyProjects\web\songcms\framework\base\CApplication.php(180): CWebApplication->processRequest()
#2 F:\MyProjects\web\songcms\index.php(13): CApplication->run()
#3 {main}
REQUEST_URI=/static/
---
2014/08/08 17:54:28 [error] [exception.CHttpException.404] exception 'CHttpException' with message 'Unable to resolve the request "static/js/ckeditor/config.js".' in F:\MyProjects\web\songcms\framework\web\CWebApplication.php:286
Stack trace:
#0 F:\MyProjects\web\songcms\framework\web\CWebApplication.php(141): CWebApplication->runController('static/js/ckedi...')
#1 F:\MyProjects\web\songcms\framework\base\CApplication.php(180): CWebApplication->processRequest()
#2 F:\MyProjects\web\songcms\index.php(13): CApplication->run()
#3 {main}
REQUEST_URI=/static/js/ckeditor/config.js?t=E6FD
HTTP_REFERER=http://songcms.cc/admin/editHtml/create
---
2014/08/08 17:54:28 [error] [exception.CHttpException.404] exception 'CHttpException' with message 'Unable to resolve the request "static/js/ckeditor/skins/moono/editor.css".' in F:\MyProjects\web\songcms\framework\web\CWebApplication.php:286
Stack trace:
#0 F:\MyProjects\web\songcms\framework\web\CWebApplication.php(141): CWebApplication->runController('static/js/ckedi...')
#1 F:\MyProjects\web\songcms\framework\base\CApplication.php(180): CWebApplication->processRequest()
#2 F:\MyProjects\web\songcms\index.php(13): CApplication->run()
#3 {main}
REQUEST_URI=/static/js/ckeditor/skins/moono/editor.css?t=E6FD
HTTP_REFERER=http://songcms.cc/admin/editHtml/create
---
2014/08/08 17:54:28 [error] [exception.CHttpException.404] exception 'CHttpException' with message 'Unable to resolve the request "static/js/ckeditor/lang/zh-cn.js".' in F:\MyProjects\web\songcms\framework\web\CWebApplication.php:286
Stack trace:
#0 F:\MyProjects\web\songcms\framework\web\CWebApplication.php(141): CWebApplication->runController('static/js/ckedi...')
#1 F:\MyProjects\web\songcms\framework\base\CApplication.php(180): CWebApplication->processRequest()
#2 F:\MyProjects\web\songcms\index.php(13): CApplication->run()
#3 {main}
REQUEST_URI=/static/js/ckeditor/lang/zh-cn.js?t=E6FD
HTTP_REFERER=http://songcms.cc/admin/editHtml/create
---
2014/08/08 17:55:41 [error] [exception.CException] exception 'CException' with message 'SiteController cannot find the requested view "index".' in F:\MyProjects\web\songcms\framework\web\CController.php:878
Stack trace:
#0 F:\MyProjects\web\songcms\framework\web\CController.php(782): CController->renderPartial('index', NULL, true)
#1 F:\MyProjects\web\songcms\protected\controllers\SiteController.php(32): CController->render('index')
#2 F:\MyProjects\web\songcms\framework\web\actions\CInlineAction.php(49): SiteController->actionIndex()
#3 F:\MyProjects\web\songcms\framework\web\CController.php(308): CInlineAction->runWithParams(Array)
#4 F:\MyProjects\web\songcms\framework\web\CController.php(286): CController->runAction(Object(CInlineAction))
#5 F:\MyProjects\web\songcms\framework\web\CController.php(265): CController->runActionWithFilters(Object(CInlineAction), Array)
#6 F:\MyProjects\web\songcms\framework\web\CWebApplication.php(282): CController->run('')
#7 F:\MyProjects\web\songcms\framework\web\CWebApplication.php(141): CWebApplication->runController('')
#8 F:\MyProjects\web\songcms\framework\base\CApplication.php(180): CWebApplication->processRequest()
#9 F:\MyProjects\web\songcms\index.php(13): CApplication->run()
#10 {main}
REQUEST_URI=/
---
2014/08/08 17:56:08 [error] [exception.CHttpException.404] exception 'CHttpException' with message 'Unable to resolve the request "static/js/ckeditor/contents.css".' in F:\MyProjects\web\songcms\framework\web\CWebApplication.php:286
Stack trace:
#0 F:\MyProjects\web\songcms\framework\web\CWebApplication.php(141): CWebApplication->runController('static/js/ckedi...')
#1 F:\MyProjects\web\songcms\framework\base\CApplication.php(180): CWebApplication->processRequest()
#2 F:\MyProjects\web\songcms\index.php(13): CApplication->run()
#3 {main}
REQUEST_URI=/static/js/ckeditor/contents.css?t=E6FD
HTTP_REFERER=http://songcms.cc/admin/editHtml/create
---
2014/08/08 17:56:54 [error] [exception.CHttpException.404] exception 'CHttpException' with message 'Unable to resolve the request "static/js/ckeditor/contents.css".' in F:\MyProjects\web\songcms\framework\web\CWebApplication.php:286
Stack trace:
#0 F:\MyProjects\web\songcms\framework\web\CWebApplication.php(141): CWebApplication->runController('static/js/ckedi...')
#1 F:\MyProjects\web\songcms\framework\base\CApplication.php(180): CWebApplication->processRequest()
#2 F:\MyProjects\web\songcms\index.php(13): CApplication->run()
#3 {main}
REQUEST_URI=/static/js/ckeditor/contents.css?t=E6FD
HTTP_REFERER=http://songcms.cc/admin/editHtml/create
---
2014/08/08 17:57:01 [error] [exception.CHttpException.404] exception 'CHttpException' with message 'Unable to resolve the request "static/js/ckeditor/contents.css".' in F:\MyProjects\web\songcms\framework\web\CWebApplication.php:286
Stack trace:
#0 F:\MyProjects\web\songcms\framework\web\CWebApplication.php(141): CWebApplication->runController('static/js/ckedi...')
#1 F:\MyProjects\web\songcms\framework\base\CApplication.php(180): CWebApplication->processRequest()
#2 F:\MyProjects\web\songcms\index.php(13): CApplication->run()
#3 {main}
REQUEST_URI=/static/js/ckeditor/contents.css?t=E6FD
HTTP_REFERER=http://songcms.cc/admin/editHtml/create
---
2014/08/08 17:57:13 [error] [exception.CHttpException.404] exception 'CHttpException' with message 'Unable to resolve the request "static/js/ckeditor/contents.css".' in F:\MyProjects\web\songcms\framework\web\CWebApplication.php:286
Stack trace:
#0 F:\MyProjects\web\songcms\framework\web\CWebApplication.php(141): CWebApplication->runController('static/js/ckedi...')
#1 F:\MyProjects\web\songcms\framework\base\CApplication.php(180): CWebApplication->processRequest()
#2 F:\MyProjects\web\songcms\index.php(13): CApplication->run()
#3 {main}
REQUEST_URI=/static/js/ckeditor/contents.css?t=E6FD
HTTP_REFERER=http://songcms.cc/admin/editHtml/create
---
2014/08/08 17:57:35 [error] [exception.CHttpException.404] exception 'CHttpException' with message 'Unable to resolve the request "static/js/ckeditor/contents.css".' in F:\MyProjects\web\songcms\framework\web\CWebApplication.php:286
Stack trace:
#0 F:\MyProjects\web\songcms\framework\web\CWebApplication.php(141): CWebApplication->runController('static/js/ckedi...')
#1 F:\MyProjects\web\songcms\framework\base\CApplication.php(180): CWebApplication->processRequest()
#2 F:\MyProjects\web\songcms\index.php(13): CApplication->run()
#3 {main}
REQUEST_URI=/static/js/ckeditor/contents.css?t=E6FD
HTTP_REFERER=http://songcms.cc/admin/editHtml/create/id
---
2014/08/08 17:57:37 [error] [exception.CHttpException.404] exception 'CHttpException' with message 'Unable to resolve the request "static/js/ckeditor/contents.css".' in F:\MyProjects\web\songcms\framework\web\CWebApplication.php:286
Stack trace:
#0 F:\MyProjects\web\songcms\framework\web\CWebApplication.php(141): CWebApplication->runController('static/js/ckedi...')
#1 F:\MyProjects\web\songcms\framework\base\CApplication.php(180): CWebApplication->processRequest()
#2 F:\MyProjects\web\songcms\index.php(13): CApplication->run()
#3 {main}
REQUEST_URI=/static/js/ckeditor/contents.css?t=E6FD
HTTP_REFERER=http://songcms.cc/admin/editHtml/create/id
---
2014/08/08 17:57:40 [error] [exception.CHttpException.404] exception 'CHttpException' with message 'Unable to resolve the request "static/js/ckeditor/contents.css".' in F:\MyProjects\web\songcms\framework\web\CWebApplication.php:286
Stack trace:
#0 F:\MyProjects\web\songcms\framework\web\CWebApplication.php(141): CWebApplication->runController('static/js/ckedi...')
#1 F:\MyProjects\web\songcms\framework\base\CApplication.php(180): CWebApplication->processRequest()
#2 F:\MyProjects\web\songcms\index.php(13): CApplication->run()
#3 {main}
REQUEST_URI=/static/js/ckeditor/contents.css?t=E6FD
HTTP_REFERER=http://songcms.cc/admin/editHtml/create/id
---
2014/08/08 17:57:47 [error] [exception.CHttpException.404] exception 'CHttpException' with message 'Unable to resolve the request "static/js/ckeditor/contents.css".' in F:\MyProjects\web\songcms\framework\web\CWebApplication.php:286
Stack trace:
#0 F:\MyProjects\web\songcms\framework\web\CWebApplication.php(141): CWebApplication->runController('static/js/ckedi...')
#1 F:\MyProjects\web\songcms\framework\base\CApplication.php(180): CWebApplication->processRequest()
#2 F:\MyProjects\web\songcms\index.php(13): CApplication->run()
#3 {main}
REQUEST_URI=/static/js/ckeditor/contents.css?t=E6FD
HTTP_REFERER=http://songcms.cc/admin/editHtml/create/id
---
2014/08/08 18:02:27 [error] [exception.CHttpException.404] exception 'CHttpException' with message 'Unable to resolve the request "static/js/ckeditor/plugins/colordialog/dialogs/colordialog.js".' in F:\MyProjects\web\songcms\framework\web\CWebApplication.php:286
Stack trace:
#0 F:\MyProjects\web\songcms\framework\web\CWebApplication.php(141): CWebApplication->runController('static/js/ckedi...')
#1 F:\MyProjects\web\songcms\framework\base\CApplication.php(180): CWebApplication->processRequest()
#2 F:\MyProjects\web\songcms\index.php(13): CApplication->run()
#3 {main}
REQUEST_URI=/static/js/ckeditor/plugins/colordialog/dialogs/colordialog.js?t=E6FD
HTTP_REFERER=http://songcms.cc/admin/editHtml/create/id
---
2014/08/08 18:05:59 [error] [exception.CHttpException.404] exception 'CHttpException' with message 'Unable to resolve the request "static/js/ckeditor/plugins/colordialog/dialogs/colordialog.js".' in F:\MyProjects\web\songcms\framework\web\CWebApplication.php:286
Stack trace:
#0 F:\MyProjects\web\songcms\framework\web\CWebApplication.php(141): CWebApplication->runController('static/js/ckedi...')
#1 F:\MyProjects\web\songcms\framework\base\CApplication.php(180): CWebApplication->processRequest()
#2 F:\MyProjects\web\songcms\index.php(13): CApplication->run()
#3 {main}
REQUEST_URI=/static/js/ckeditor/plugins/colordialog/dialogs/colordialog.js?t=E6FD
HTTP_REFERER=http://songcms.cc/admin/editHtml/create/id
---
2014/08/08 18:14:21 [error] [exception.CHttpException.404] exception 'CHttpException' with message 'Unable to resolve the request "static/js/ckeditor/plugins/colordialog/dialogs/colordialog.js".' in F:\MyProjects\web\songcms\framework\web\CWebApplication.php:286
Stack trace:
#0 F:\MyProjects\web\songcms\framework\web\CWebApplication.php(141): CWebApplication->runController('static/js/ckedi...')
#1 F:\MyProjects\web\songcms\framework\base\CApplication.php(180): CWebApplication->processRequest()
#2 F:\MyProjects\web\songcms\index.php(13): CApplication->run()
#3 {main}
REQUEST_URI=/static/js/ckeditor/plugins/colordialog/dialogs/colordialog.js?t=E6FD
HTTP_REFERER=http://songcms.cc/admin/editHtml/create
---
2014/08/08 18:29:06 [error] [exception.CHttpException.404] exception 'CHttpException' with message 'Unable to resolve the request "static/js/ckeditor/plugins/colordialog/ckeditor.js".' in F:\MyProjects\web\songcms\framework\web\CWebApplication.php:286
Stack trace:
#0 F:\MyProjects\web\songcms\framework\web\CWebApplication.php(141): CWebApplication->runController('static/js/ckedi...')
#1 F:\MyProjects\web\songcms\framework\base\CApplication.php(180): CWebApplication->processRequest()
#2 F:\MyProjects\web\songcms\index.php(13): CApplication->run()
#3 {main}
REQUEST_URI=/static/js/ckeditor/plugins/colordialog/ckeditor.js
HTTP_REFERER=http://songcms.cc/admin/editHtml/create
---
2014/08/08 18:33:05 [error] [exception.CHttpException.404] exception 'CHttpException' with message 'Unable to resolve the request "static/js/ckeditor/plugins/colordialog/ckeditor.js".' in F:\MyProjects\web\songcms\framework\web\CWebApplication.php:286
Stack trace:
#0 F:\MyProjects\web\songcms\framework\web\CWebApplication.php(141): CWebApplication->runController('static/js/ckedi...')
#1 F:\MyProjects\web\songcms\framework\base\CApplication.php(180): CWebApplication->processRequest()
#2 F:\MyProjects\web\songcms\index.php(13): CApplication->run()
#3 {main}
REQUEST_URI=/static/js/ckeditor/plugins/colordialog/ckeditor.js
HTTP_REFERER=http://songcms.cc/admin/editHtml/create
---
2014/08/08 18:33:08 [error] [exception.CHttpException.404] exception 'CHttpException' with message 'Unable to resolve the request "static/js/ckeditor/plugins/colordialog/ckeditor.js".' in F:\MyProjects\web\songcms\framework\web\CWebApplication.php:286
Stack trace:
#0 F:\MyProjects\web\songcms\framework\web\CWebApplication.php(141): CWebApplication->runController('static/js/ckedi...')
#1 F:\MyProjects\web\songcms\framework\base\CApplication.php(180): CWebApplication->processRequest()
#2 F:\MyProjects\web\songcms\index.php(13): CApplication->run()
#3 {main}
REQUEST_URI=/static/js/ckeditor/plugins/colordialog/ckeditor.js
HTTP_REFERER=http://songcms.cc/admin/editHtml/create/id
---
2014/08/09 11:17:19 [error] [exception.CHttpException.404] exception 'CHttpException' with message 'Unable to resolve the request "favicon.ico".' in F:\MyProjects\web\songcms\framework\web\CWebApplication.php:286
Stack trace:
#0 F:\MyProjects\web\songcms\framework\web\CWebApplication.php(141): CWebApplication->runController('favicon.ico')
#1 F:\MyProjects\web\songcms\framework\base\CApplication.php(180): CWebApplication->processRequest()
#2 F:\MyProjects\web\songcms\index.php(13): CApplication->run()
#3 {main}
REQUEST_URI=/favicon.ico
---
2014/08/09 11:17:23 [error] [exception.CHttpException.404] exception 'CHttpException' with message 'Unable to resolve the request "static/js/ckeditor/plugins/colordialog/ckeditor.js".' in F:\MyProjects\web\songcms\framework\web\CWebApplication.php:286
Stack trace:
#0 F:\MyProjects\web\songcms\framework\web\CWebApplication.php(141): CWebApplication->runController('static/js/ckedi...')
#1 F:\MyProjects\web\songcms\framework\base\CApplication.php(180): CWebApplication->processRequest()
#2 F:\MyProjects\web\songcms\index.php(13): CApplication->run()
#3 {main}
REQUEST_URI=/static/js/ckeditor/plugins/colordialog/ckeditor.js
HTTP_REFERER=http://songcms.cc/admin/editHtml/create
---
2014/08/09 11:19:11 [error] [php] Trying to get property of non-object (F:\MyProjects\web\songcms\protected\modules\admin\views\editHtml\_edit_form.php:7)
Stack trace:
#0 F:\MyProjects\web\songcms\framework\web\CController.php(869): EditHtmlController->renderFile()
#1 F:\MyProjects\web\songcms\protected\modules\admin\views\editHtml\create.php(8): EditHtmlController->renderPartial()
#2 F:\MyProjects\web\songcms\framework\web\CBaseController.php(126): require()
#3 F:\MyProjects\web\songcms\framework\web\CBaseController.php(95): EditHtmlController->renderInternal()
#4 F:\MyProjects\web\songcms\framework\web\CController.php(869): EditHtmlController->renderFile()
#5 F:\MyProjects\web\songcms\framework\web\CController.php(782): EditHtmlController->renderPartial()
#6 F:\MyProjects\web\songcms\protected\modules\admin\controllers\EditHtmlController.php(29): EditHtmlController->render()
#7 F:\MyProjects\web\songcms\framework\web\actions\CInlineAction.php(49): EditHtmlController->actionCreate()
#8 F:\MyProjects\web\songcms\framework\web\CController.php(308): CInlineAction->runWithParams()
#9 F:\MyProjects\web\songcms\framework\web\CController.php(286): EditHtmlController->runAction()
#10 F:\MyProjects\web\songcms\framework\web\CController.php(265): EditHtmlController->runActionWithFilters()
#11 F:\MyProjects\web\songcms\framework\web\CWebApplication.php(282): EditHtmlController->run()
#12 F:\MyProjects\web\songcms\framework\web\CWebApplication.php(141): CWebApplication->runController()
#13 F:\MyProjects\web\songcms\framework\base\CApplication.php(180): CWebApplication->processRequest()
#14 F:\MyProjects\web\songcms\index.php(13): CWebApplication->run()
REQUEST_URI=/admin/editHtml/create
in F:\MyProjects\web\songcms\protected\modules\admin\views\editHtml\_edit_form.php (7)
in F:\MyProjects\web\songcms\protected\modules\admin\views\editHtml\create.php (8)
in F:\MyProjects\web\songcms\protected\modules\admin\controllers\EditHtmlController.php (29)
2014/08/09 11:21:05 [error] [exception.CHttpException.404] exception 'CHttpException' with message 'Unable to resolve the request "static/js/ckeditor/plugins/colordialog/ckeditor.js".' in F:\MyProjects\web\songcms\framework\web\CWebApplication.php:286
Stack trace:
#0 F:\MyProjects\web\songcms\framework\web\CWebApplication.php(141): CWebApplication->runController('static/js/ckedi...')
#1 F:\MyProjects\web\songcms\framework\base\CApplication.php(180): CWebApplication->processRequest()
#2 F:\MyProjects\web\songcms\index.php(13): CApplication->run()
#3 {main}
REQUEST_URI=/static/js/ckeditor/plugins/colordialog/ckeditor.js
HTTP_REFERER=http://songcms.cc/admin/editHtml/create
---
2014/08/09 11:21:37 [error] [exception.CException] exception 'CException' with message 'Property "EditHtmlController.attributes" is not defined.' in F:\MyProjects\web\songcms\framework\base\CComponent.php:173
Stack trace:
#0 F:\MyProjects\web\songcms\protected\modules\admin\controllers\EditHtmlController.php(22): CComponent->__set('attributes', Array)
#1 F:\MyProjects\web\songcms\framework\web\actions\CInlineAction.php(49): EditHtmlController->actionCreate()
#2 F:\MyProjects\web\songcms\framework\web\CController.php(308): CInlineAction->runWithParams(Array)
#3 F:\MyProjects\web\songcms\framework\web\CController.php(286): CController->runAction(Object(CInlineAction))
#4 F:\MyProjects\web\songcms\framework\web\CController.php(265): CController->runActionWithFilters(Object(CInlineAction), Array)
#5 F:\MyProjects\web\songcms\framework\web\CWebApplication.php(282): CController->run('create')
#6 F:\MyProjects\web\songcms\framework\web\CWebApplication.php(141): CWebApplication->runController('admin/editHtml/...')
#7 F:\MyProjects\web\songcms\framework\base\CApplication.php(180): CWebApplication->processRequest()
#8 F:\MyProjects\web\songcms\index.php(13): CApplication->run()
#9 {main}
REQUEST_URI=/admin/editHtml/create/id
HTTP_REFERER=http://songcms.cc/admin/editHtml/create
---
2014/08/09 11:27:58 [error] [exception.CHttpException.404] exception 'CHttpException' with message 'Unable to resolve the request "static/js/ckeditor/plugins/colordialog/ckeditor.js".' in F:\MyProjects\web\songcms\framework\web\CWebApplication.php:286
Stack trace:
#0 F:\MyProjects\web\songcms\framework\web\CWebApplication.php(141): CWebApplication->runController('static/js/ckedi...')
#1 F:\MyProjects\web\songcms\framework\base\CApplication.php(180): CWebApplication->processRequest()
#2 F:\MyProjects\web\songcms\index.php(13): CApplication->run()
#3 {main}
REQUEST_URI=/static/js/ckeditor/plugins/colordialog/ckeditor.js
HTTP_REFERER=http://songcms.cc/admin/editHtml/create/
---
2014/08/09 11:30:05 [error] [exception.CHttpException.404] exception 'CHttpException' with message 'Unable to resolve the request "static/js/ckeditor/plugins/colordialog/ckeditor.js".' in F:\MyProjects\web\songcms\framework\web\CWebApplication.php:286
Stack trace:
#0 F:\MyProjects\web\songcms\framework\web\CWebApplication.php(141): CWebApplication->runController('static/js/ckedi...')
#1 F:\MyProjects\web\songcms\framework\base\CApplication.php(180): CWebApplication->processRequest()
#2 F:\MyProjects\web\songcms\index.php(13): CApplication->run()
#3 {main}
REQUEST_URI=/static/js/ckeditor/plugins/colordialog/ckeditor.js
HTTP_REFERER=http://songcms.cc/admin/editHtml/create/
---
2014/08/09 11:30:21 [error] [exception.CHttpException.404] exception 'CHttpException' with message 'Unable to resolve the request "static/js/ckeditor/plugins/colordialog/ckeditor.js".' in F:\MyProjects\web\songcms\framework\web\CWebApplication.php:286
Stack trace:
#0 F:\MyProjects\web\songcms\framework\web\CWebApplication.php(141): CWebApplication->runController('static/js/ckedi...')
#1 F:\MyProjects\web\songcms\framework\base\CApplication.php(180): CWebApplication->processRequest()
#2 F:\MyProjects\web\songcms\index.php(13): CApplication->run()
#3 {main}
REQUEST_URI=/static/js/ckeditor/plugins/colordialog/ckeditor.js
HTTP_REFERER=http://songcms.cc/admin/editHtml/create/index
---
2014/08/09 11:32:34 [error] [exception.CHttpException.404] exception 'CHttpException' with message 'Unable to resolve the request "static/js/ckeditor/plugins/colordialog/ckeditor.js".' in F:\MyProjects\web\songcms\framework\web\CWebApplication.php:286
Stack trace:
#0 F:\MyProjects\web\songcms\framework\web\CWebApplication.php(141): CWebApplication->runController('static/js/ckedi...')
#1 F:\MyProjects\web\songcms\framework\base\CApplication.php(180): CWebApplication->processRequest()
#2 F:\MyProjects\web\songcms\index.php(13): CApplication->run()
#3 {main}
REQUEST_URI=/static/js/ckeditor/plugins/colordialog/ckeditor.js
HTTP_REFERER=http://songcms.cc/admin/editHtml/create/index
---
2014/08/09 11:32:57 [error] [exception.CHttpException.404] exception 'CHttpException' with message 'Unable to resolve the request "static/js/ckeditor/plugins/colordialog/ckeditor.js".' in F:\MyProjects\web\songcms\framework\web\CWebApplication.php:286
Stack trace:
#0 F:\MyProjects\web\songcms\framework\web\CWebApplication.php(141): CWebApplication->runController('static/js/ckedi...')
#1 F:\MyProjects\web\songcms\framework\base\CApplication.php(180): CWebApplication->processRequest()
#2 F:\MyProjects\web\songcms\index.php(13): CApplication->run()
#3 {main}
REQUEST_URI=/static/js/ckeditor/plugins/colordialog/ckeditor.js
HTTP_REFERER=http://songcms.cc/admin/editHtml/create/id
---
2014/08/09 11:38:06 [error] [exception.CHttpException.404] exception 'CHttpException' with message 'Unable to resolve the request "static/js/ckeditor/plugins/colordialog/ckeditor.js".' in F:\MyProjects\web\songcms\framework\web\CWebApplication.php:286
Stack trace:
#0 F:\MyProjects\web\songcms\framework\web\CWebApplication.php(141): CWebApplication->runController('static/js/ckedi...')
#1 F:\MyProjects\web\songcms\framework\base\CApplication.php(180): CWebApplication->processRequest()
#2 F:\MyProjects\web\songcms\index.php(13): CApplication->run()
#3 {main}
REQUEST_URI=/static/js/ckeditor/plugins/colordialog/ckeditor.js
HTTP_REFERER=http://songcms.cc/admin/editHtml/create/
---
2014/08/09 11:38:15 [error] [exception.CHttpException.404] exception 'CHttpException' with message 'Unable to resolve the request "static/js/ckeditor/plugins/colordialog/ckeditor.js".' in F:\MyProjects\web\songcms\framework\web\CWebApplication.php:286
Stack trace:
#0 F:\MyProjects\web\songcms\framework\web\CWebApplication.php(141): CWebApplication->runController('static/js/ckedi...')
#1 F:\MyProjects\web\songcms\framework\base\CApplication.php(180): CWebApplication->processRequest()
#2 F:\MyProjects\web\songcms\index.php(13): CApplication->run()
#3 {main}
REQUEST_URI=/static/js/ckeditor/plugins/colordialog/ckeditor.js
HTTP_REFERER=http://songcms.cc/admin/editHtml/create/id
---
2014/08/09 11:38:26 [error] [exception.CHttpException.404] exception 'CHttpException' with message 'Unable to resolve the request "static/js/ckeditor/plugins/colordialog/ckeditor.js".' in F:\MyProjects\web\songcms\framework\web\CWebApplication.php:286
Stack trace:
#0 F:\MyProjects\web\songcms\framework\web\CWebApplication.php(141): CWebApplication->runController('static/js/ckedi...')
#1 F:\MyProjects\web\songcms\framework\base\CApplication.php(180): CWebApplication->processRequest()
#2 F:\MyProjects\web\songcms\index.php(13): CApplication->run()
#3 {main}
REQUEST_URI=/static/js/ckeditor/plugins/colordialog/ckeditor.js
HTTP_REFERER=http://songcms.cc/admin/editHtml/create/id
---
2014/08/09 11:43:41 [error] [exception.CHttpException.404] exception 'CHttpException' with message 'Unable to resolve the request "static/js/ckeditor/plugins/colordialog/ckeditor.js".' in F:\MyProjects\web\songcms\framework\web\CWebApplication.php:286
Stack trace:
#0 F:\MyProjects\web\songcms\framework\web\CWebApplication.php(141): CWebApplication->runController('static/js/ckedi...')
#1 F:\MyProjects\web\songcms\framework\base\CApplication.php(180): CWebApplication->processRequest()
#2 F:\MyProjects\web\songcms\index.php(13): CApplication->run()
#3 {main}
REQUEST_URI=/static/js/ckeditor/plugins/colordialog/ckeditor.js
HTTP_REFERER=http://songcms.cc/admin/editHtml/create/id
---
2014/08/09 11:44:41 [error] [exception.CHttpException.404] exception 'CHttpException' with message 'Unable to resolve the request "static/js/ckeditor/plugins/colordialog/ckeditor.js".' in F:\MyProjects\web\songcms\framework\web\CWebApplication.php:286
Stack trace:
#0 F:\MyProjects\web\songcms\framework\web\CWebApplication.php(141): CWebApplication->runController('static/js/ckedi...')
#1 F:\MyProjects\web\songcms\framework\base\CApplication.php(180): CWebApplication->processRequest()
#2 F:\MyProjects\web\songcms\index.php(13): CApplication->run()
#3 {main}
REQUEST_URI=/static/js/ckeditor/plugins/colordialog/ckeditor.js
HTTP_REFERER=http://songcms.cc/admin/editHtml/create/
---
2014/08/09 11:44:55 [error] [exception.CHttpException.404] exception 'CHttpException' with message 'Unable to resolve the request "static/js/ckeditor/plugins/colordialog/ckeditor.js".' in F:\MyProjects\web\songcms\framework\web\CWebApplication.php:286
Stack trace:
#0 F:\MyProjects\web\songcms\framework\web\CWebApplication.php(141): CWebApplication->runController('static/js/ckedi...')
#1 F:\MyProjects\web\songcms\framework\base\CApplication.php(180): CWebApplication->processRequest()
#2 F:\MyProjects\web\songcms\index.php(13): CApplication->run()
#3 {main}
REQUEST_URI=/static/js/ckeditor/plugins/colordialog/ckeditor.js
HTTP_REFERER=http://songcms.cc/admin/editHtml/create/
---
2014/08/09 11:45:13 [error] [exception.CHttpException.404] exception 'CHttpException' with message 'Unable to resolve the request "static/js/ckeditor/plugins/colordialog/ckeditor.js".' in F:\MyProjects\web\songcms\framework\web\CWebApplication.php:286
Stack trace:
#0 F:\MyProjects\web\songcms\framework\web\CWebApplication.php(141): CWebApplication->runController('static/js/ckedi...')
#1 F:\MyProjects\web\songcms\framework\base\CApplication.php(180): CWebApplication->processRequest()
#2 F:\MyProjects\web\songcms\index.php(13): CApplication->run()
#3 {main}
REQUEST_URI=/static/js/ckeditor/plugins/colordialog/ckeditor.js
HTTP_REFERER=http://songcms.cc/admin/editHtml/create/
---
2014/08/09 11:45:25 [error] [exception.CHttpException.404] exception 'CHttpException' with message 'Unable to resolve the request "static/js/ckeditor/plugins/colordialog/ckeditor.js".' in F:\MyProjects\web\songcms\framework\web\CWebApplication.php:286
Stack trace:
#0 F:\MyProjects\web\songcms\framework\web\CWebApplication.php(141): CWebApplication->runController('static/js/ckedi...')
#1 F:\MyProjects\web\songcms\framework\base\CApplication.php(180): CWebApplication->processRequest()
#2 F:\MyProjects\web\songcms\index.php(13): CApplication->run()
#3 {main}
REQUEST_URI=/static/js/ckeditor/plugins/colordialog/ckeditor.js
HTTP_REFERER=http://songcms.cc/admin/editHtml/create/
---
2014/08/09 11:52:31 [error] [exception.CHttpException.404] exception 'CHttpException' with message 'Unable to resolve the request "i/horse.ogg".' in F:\MyProjects\web\songcms\framework\web\CWebApplication.php:286
Stack trace:
#0 F:\MyProjects\web\songcms\framework\web\CWebApplication.php(141): CWebApplication->runController('i/horse.ogg')
#1 F:\MyProjects\web\songcms\framework\base\CApplication.php(180): CWebApplication->processRequest()
#2 F:\MyProjects\web\songcms\index.php(13): CApplication->run()
#3 {main}
REQUEST_URI=/i/horse.ogg
HTTP_REFERER=http://songcms.cc/admin/editHtml/create/
---
2014/08/09 12:43:56 [error] [exception.CException] exception 'CException' with message 'Property "SongsController._gets" is not defined.' in F:\MyProjects\web\songcms\framework\base\CComponent.php:130
Stack trace:
#0 F:\MyProjects\web\songcms\protected\controllers\SongsController.php(15): CComponent->__get('_gets')
#1 F:\MyProjects\web\songcms\framework\web\actions\CInlineAction.php(49): SongsController->actionSong_brief()
#2 F:\MyProjects\web\songcms\framework\web\CController.php(308): CInlineAction->runWithParams(Array)
#3 F:\MyProjects\web\songcms\framework\web\CController.php(286): CController->runAction(Object(CInlineAction))
#4 F:\MyProjects\web\songcms\framework\web\CController.php(265): CController->runActionWithFilters(Object(CInlineAction), Array)
#5 F:\MyProjects\web\songcms\framework\web\CWebApplication.php(282): CController->run('song_brief')
#6 F:\MyProjects\web\songcms\framework\web\CWebApplication.php(141): CWebApplication->runController('songs/song_brie...')
#7 F:\MyProjects\web\songcms\framework\base\CApplication.php(180): CWebApplication->processRequest()
#8 F:\MyProjects\web\songcms\index.php(13): CApplication->run()
#9 {main}
REQUEST_URI=/songs/song_brief/pname/hell_123
---
2014/08/09 12:44:40 [error] [php] Undefined variable: _GETS (F:\MyProjects\web\songcms\protected\controllers\SongsController.php:15)
Stack trace:
#0 F:\MyProjects\web\songcms\framework\web\CController.php(286): SongsController->runAction()
#1 F:\MyProjects\web\songcms\framework\web\CController.php(265): SongsController->runActionWithFilters()
#2 F:\MyProjects\web\songcms\framework\web\CWebApplication.php(282): SongsController->run()
#3 F:\MyProjects\web\songcms\framework\web\CWebApplication.php(141): CWebApplication->runController()
#4 F:\MyProjects\web\songcms\framework\base\CApplication.php(180): CWebApplication->processRequest()
#5 F:\MyProjects\web\songcms\index.php(13): CWebApplication->run()
REQUEST_URI=/songs/song_brief/pname/hell_123
in F:\MyProjects\web\songcms\protected\controllers\SongsController.php (15)
in F:\MyProjects\web\songcms\index.php (13)
2014/08/09 12:44:51 [error] [exception.CException] exception 'CException' with message 'SongsController cannot find the requested view "/briefs/songs/songs_brief".' in F:\MyProjects\web\songcms\framework\web\CController.php:878
Stack trace:
#0 F:\MyProjects\web\songcms\framework\web\CController.php(782): CController->renderPartial('/briefs/songs/s...', NULL, true)
#1 F:\MyProjects\web\songcms\protected\controllers\SongsController.php(17): CController->render('/briefs/songs/s...')
#2 F:\MyProjects\web\songcms\framework\web\actions\CInlineAction.php(49): SongsController->actionSong_brief()
#3 F:\MyProjects\web\songcms\framework\web\CController.php(308): CInlineAction->runWithParams(Array)
#4 F:\MyProjects\web\songcms\framework\web\CController.php(286): CController->runAction(Object(CInlineAction))
#5 F:\MyProjects\web\songcms\framework\web\CController.php(265): CController->runActionWithFilters(Object(CInlineAction), Array)
#6 F:\MyProjects\web\songcms\framework\web\CWebApplication.php(282): CController->run('song_brief')
#7 F:\MyProjects\web\songcms\framework\web\CWebApplication.php(141): CWebApplication->runController('songs/song_brie...')
#8 F:\MyProjects\web\songcms\framework\base\CApplication.php(180): CWebApplication->processRequest()
#9 F:\MyProjects\web\songcms\index.php(13): CApplication->run()
#10 {main}
REQUEST_URI=/songs/song_brief/pname/hell_123
---
2014/08/09 12:45:57 [error] [exception.CException] exception 'CException' with message 'SongsController cannot find the requested view "/briefs/songs_brief".' in F:\MyProjects\web\songcms\framework\web\CController.php:878
Stack trace:
#0 F:\MyProjects\web\songcms\framework\web\CController.php(782): CController->renderPartial('/briefs/songs_b...', NULL, true)
#1 F:\MyProjects\web\songcms\protected\controllers\SongsController.php(17): CController->render('/briefs/songs_b...')
#2 F:\MyProjects\web\songcms\framework\web\actions\CInlineAction.php(49): SongsController->actionSong_brief()
#3 F:\MyProjects\web\songcms\framework\web\CController.php(308): CInlineAction->runWithParams(Array)
#4 F:\MyProjects\web\songcms\framework\web\CController.php(286): CController->runAction(Object(CInlineAction))
#5 F:\MyProjects\web\songcms\framework\web\CController.php(265): CController->runActionWithFilters(Object(CInlineAction), Array)
#6 F:\MyProjects\web\songcms\framework\web\CWebApplication.php(282): CController->run('song_brief')
#7 F:\MyProjects\web\songcms\framework\web\CWebApplication.php(141): CWebApplication->runController('songs/song_brie...')
#8 F:\MyProjects\web\songcms\framework\base\CApplication.php(180): CWebApplication->processRequest()
#9 F:\MyProjects\web\songcms\index.php(13): CApplication->run()
#10 {main}
REQUEST_URI=/songs/song_brief/pname/hell_123
---
2014/08/09 12:47:03 [error] [exception.CException] exception 'CException' with message 'SongsController cannot find the requested view "/briefs/songs/songs_brief".' in F:\MyProjects\web\songcms\framework\web\CController.php:878
Stack trace:
#0 F:\MyProjects\web\songcms\framework\web\CController.php(782): CController->renderPartial('/briefs/songs/s...', NULL, true)
#1 F:\MyProjects\web\songcms\protected\controllers\SongsController.php(17): CController->render('/briefs/songs/s...')
#2 F:\MyProjects\web\songcms\framework\web\actions\CInlineAction.php(49): SongsController->actionSong_brief()
#3 F:\MyProjects\web\songcms\framework\web\CController.php(308): CInlineAction->runWithParams(Array)
#4 F:\MyProjects\web\songcms\framework\web\CController.php(286): CController->runAction(Object(CInlineAction))
#5 F:\MyProjects\web\songcms\framework\web\CController.php(265): CController->runActionWithFilters(Object(CInlineAction), Array)
#6 F:\MyProjects\web\songcms\framework\web\CWebApplication.php(282): CController->run('song_brief')
#7 F:\MyProjects\web\songcms\framework\web\CWebApplication.php(141): CWebApplication->runController('songs/song_brie...')
#8 F:\MyProjects\web\songcms\framework\base\CApplication.php(180): CWebApplication->processRequest()
#9 F:\MyProjects\web\songcms\index.php(13): CApplication->run()
#10 {main}
REQUEST_URI=/songs/song_brief/pname/hell_123
---
2014/08/09 12:48:28 [error] [exception.CException] exception 'CException' with message 'SongsController cannot find the requested view "briefs/songs/songs_brief".' in F:\MyProjects\web\songcms\framework\web\CController.php:878
Stack trace:
#0 F:\MyProjects\web\songcms\framework\web\CController.php(782): CController->renderPartial('briefs/songs/so...', NULL, true)
#1 F:\MyProjects\web\songcms\protected\controllers\SongsController.php(17): CController->render('briefs/songs/so...')
#2 F:\MyProjects\web\songcms\framework\web\actions\CInlineAction.php(49): SongsController->actionSong_brief()
#3 F:\MyProjects\web\songcms\framework\web\CController.php(308): CInlineAction->runWithParams(Array)
#4 F:\MyProjects\web\songcms\framework\web\CController.php(286): CController->runAction(Object(CInlineAction))
#5 F:\MyProjects\web\songcms\framework\web\CController.php(265): CController->runActionWithFilters(Object(CInlineAction), Array)
#6 F:\MyProjects\web\songcms\framework\web\CWebApplication.php(282): CController->run('song_brief')
#7 F:\MyProjects\web\songcms\framework\web\CWebApplication.php(141): CWebApplication->runController('songs/song_brie...')
#8 F:\MyProjects\web\songcms\framework\base\CApplication.php(180): CWebApplication->processRequest()
#9 F:\MyProjects\web\songcms\index.php(13): CApplication->run()
#10 {main}
REQUEST_URI=/songs/song_brief/pname/hell_123
---
2014/08/09 12:50:20 [error] [exception.CException] exception 'CException' with message 'SongsController cannot find the requested view "briefs/songs/songs_brief".' in F:\MyProjects\web\songcms\framework\web\CController.php:878
Stack trace:
#0 F:\MyProjects\web\songcms\framework\web\CController.php(782): CController->renderPartial('briefs/songs/so...', NULL, true)
#1 F:\MyProjects\web\songcms\protected\controllers\SongsController.php(17): CController->render('briefs/songs/so...')
#2 F:\MyProjects\web\songcms\framework\web\actions\CInlineAction.php(49): SongsController->actionSong_brief()
#3 F:\MyProjects\web\songcms\framework\web\CController.php(308): CInlineAction->runWithParams(Array)
#4 F:\MyProjects\web\songcms\framework\web\CController.php(286): CController->runAction(Object(CInlineAction))
#5 F:\MyProjects\web\songcms\framework\web\CController.php(265): CController->runActionWithFilters(Object(CInlineAction), Array)
#6 F:\MyProjects\web\songcms\framework\web\CWebApplication.php(282): CController->run('song_brief')
#7 F:\MyProjects\web\songcms\framework\web\CWebApplication.php(141): CWebApplication->runController('songs/song_brie...')
#8 F:\MyProjects\web\songcms\framework\base\CApplication.php(180): CWebApplication->processRequest()
#9 F:\MyProjects\web\songcms\index.php(13): CApplication->run()
#10 {main}
REQUEST_URI=/songs/song_brief/pname/hell_123
---
2014/08/09 12:50:36 [error] [exception.CException] exception 'CException' with message 'SongsController cannot find the requested view "/briefs/songs/songs_brief".' in F:\MyProjects\web\songcms\framework\web\CController.php:878
Stack trace:
#0 F:\MyProjects\web\songcms\framework\web\CController.php(782): CController->renderPartial('/briefs/songs/s...', NULL, true)
#1 F:\MyProjects\web\songcms\protected\controllers\SongsController.php(17): CController->render('/briefs/songs/s...')
#2 F:\MyProjects\web\songcms\framework\web\actions\CInlineAction.php(49): SongsController->actionSong_brief()
#3 F:\MyProjects\web\songcms\framework\web\CController.php(308): CInlineAction->runWithParams(Array)
#4 F:\MyProjects\web\songcms\framework\web\CController.php(286): CController->runAction(Object(CInlineAction))
#5 F:\MyProjects\web\songcms\framework\web\CController.php(265): CController->runActionWithFilters(Object(CInlineAction), Array)
#6 F:\MyProjects\web\songcms\framework\web\CWebApplication.php(282): CController->run('song_brief')
#7 F:\MyProjects\web\songcms\framework\web\CWebApplication.php(141): CWebApplication->runController('songs/song_brie...')
#8 F:\MyProjects\web\songcms\framework\base\CApplication.php(180): CWebApplication->processRequest()
#9 F:\MyProjects\web\songcms\index.php(13): CApplication->run()
#10 {main}
REQUEST_URI=/songs/song_brief/pname/hell_123
---
2014/08/09 12:58:25 [error] [exception.CException] exception 'CException' with message 'SiteController cannot find the requested view "/site/test".' in F:\MyProjects\web\songcms\framework\web\CController.php:878
Stack trace:
#0 F:\MyProjects\web\songcms\framework\web\CController.php(782): CController->renderPartial('/site/test', NULL, true)
#1 F:\MyProjects\web\songcms\protected\controllers\SiteController.php(32): CController->render('/site/test')
#2 F:\MyProjects\web\songcms\framework\web\actions\CInlineAction.php(49): SiteController->actionIndex()
#3 F:\MyProjects\web\songcms\framework\web\CController.php(308): CInlineAction->runWithParams(Array)
#4 F:\MyProjects\web\songcms\framework\web\CController.php(286): CController->runAction(Object(CInlineAction))
#5 F:\MyProjects\web\songcms\framework\web\CController.php(265): CController->runActionWithFilters(Object(CInlineAction), Array)
#6 F:\MyProjects\web\songcms\framework\web\CWebApplication.php(282): CController->run('')
#7 F:\MyProjects\web\songcms\framework\web\CWebApplication.php(141): CWebApplication->runController('site')
#8 F:\MyProjects\web\songcms\framework\base\CApplication.php(180): CWebApplication->processRequest()
#9 F:\MyProjects\web\songcms\index.php(13): CApplication->run()
#10 {main}
REQUEST_URI=/site
---
2014/08/09 12:58:26 [error] [exception.CHttpException.404] exception 'CHttpException' with message 'Unable to resolve the request "favicon.ico".' in F:\MyProjects\web\songcms\framework\web\CWebApplication.php:286
Stack trace:
#0 F:\MyProjects\web\songcms\framework\web\CWebApplication.php(141): CWebApplication->runController('favicon.ico')
#1 F:\MyProjects\web\songcms\framework\base\CApplication.php(180): CWebApplication->processRequest()
#2 F:\MyProjects\web\songcms\index.php(13): CApplication->run()
#3 {main}
REQUEST_URI=/favicon.ico
---
2014/08/09 12:58:55 [error] [exception.CException] exception 'CException' with message 'SiteController cannot find the requested view "/site/test".' in F:\MyProjects\web\songcms\framework\web\CController.php:878
Stack trace:
#0 F:\MyProjects\web\songcms\framework\web\CController.php(782): CController->renderPartial('/site/test', NULL, true)
#1 F:\MyProjects\web\songcms\protected\controllers\SiteController.php(32): CController->render('/site/test')
#2 F:\MyProjects\web\songcms\framework\web\actions\CInlineAction.php(49): SiteController->actionIndex()
#3 F:\MyProjects\web\songcms\framework\web\CController.php(308): CInlineAction->runWithParams(Array)
#4 F:\MyProjects\web\songcms\framework\web\CController.php(286): CController->runAction(Object(CInlineAction))
#5 F:\MyProjects\web\songcms\framework\web\CController.php(265): CController->runActionWithFilters(Object(CInlineAction), Array)
#6 F:\MyProjects\web\songcms\framework\web\CWebApplication.php(282): CController->run('')
#7 F:\MyProjects\web\songcms\framework\web\CWebApplication.php(141): CWebApplication->runController('site')
#8 F:\MyProjects\web\songcms\framework\base\CApplication.php(180): CWebApplication->processRequest()
#9 F:\MyProjects\web\songcms\index.php(13): CApplication->run()
#10 {main}
REQUEST_URI=/site
---
2014/08/09 12:59:25 [error] [exception.CException] exception 'CException' with message 'SiteController cannot find the requested view "/site/index".' in F:\MyProjects\web\songcms\framework\web\CController.php:878
Stack trace:
#0 F:\MyProjects\web\songcms\framework\web\CController.php(782): CController->renderPartial('/site/index', NULL, true)
#1 F:\MyProjects\web\songcms\protected\controllers\SiteController.php(32): CController->render('/site/index')
#2 F:\MyProjects\web\songcms\framework\web\actions\CInlineAction.php(49): SiteController->actionIndex()
#3 F:\MyProjects\web\songcms\framework\web\CController.php(308): CInlineAction->runWithParams(Array)
#4 F:\MyProjects\web\songcms\framework\web\CController.php(286): CController->runAction(Object(CInlineAction))
#5 F:\MyProjects\web\songcms\framework\web\CController.php(265): CController->runActionWithFilters(Object(CInlineAction), Array)
#6 F:\MyProjects\web\songcms\framework\web\CWebApplication.php(282): CController->run('')
#7 F:\MyProjects\web\songcms\framework\web\CWebApplication.php(141): CWebApplication->runController('site')
#8 F:\MyProjects\web\songcms\framework\base\CApplication.php(180): CWebApplication->processRequest()
#9 F:\MyProjects\web\songcms\index.php(13): CApplication->run()
#10 {main}
REQUEST_URI=/site
---
2014/08/09 13:04:40 [error] [php] Undefined variable: model (F:\MyProjects\web\songcms\themes\default\views\briefs\songs\songs_brief.php:8)
Stack trace:
#0 F:\MyProjects\web\songcms\framework\web\CController.php(869): SongsController->renderFile()
#1 F:\MyProjects\web\songcms\framework\web\CController.php(782): SongsController->renderPartial()
#2 F:\MyProjects\web\songcms\protected\controllers\SongsController.php(17): SongsController->render()
#3 F:\MyProjects\web\songcms\framework\web\actions\CInlineAction.php(49): SongsController->actionSong_brief()
#4 F:\MyProjects\web\songcms\framework\web\CController.php(308): CInlineAction->runWithParams()
#5 F:\MyProjects\web\songcms\framework\web\CController.php(286): SongsController->runAction()
#6 F:\MyProjects\web\songcms\framework\web\CController.php(265): SongsController->runActionWithFilters()
#7 F:\MyProjects\web\songcms\framework\web\CWebApplication.php(282): SongsController->run()
#8 F:\MyProjects\web\songcms\framework\web\CWebApplication.php(141): CWebApplication->runController()
#9 F:\MyProjects\web\songcms\framework\base\CApplication.php(180): CWebApplication->processRequest()
#10 F:\MyProjects\web\songcms\index.php(13): CWebApplication->run()
REQUEST_URI=/songs/song_brief/pname/hell_123
in F:\MyProjects\web\songcms\themes\default\views\briefs\songs\songs_brief.php (8)
in F:\MyProjects\web\songcms\protected\controllers\SongsController.php (17)
in F:\MyProjects\web\songcms\index.php (13)
2014/08/09 13:08:51 [error] [exception.CHttpException.404] exception 'CHttpException' with message 'Unable to resolve the request "static/js/ckeditor/plugins/colordialog/ckeditor.js".' in F:\MyProjects\web\songcms\framework\web\CWebApplication.php:286
Stack trace:
#0 F:\MyProjects\web\songcms\framework\web\CWebApplication.php(141): CWebApplication->runController('static/js/ckedi...')
#1 F:\MyProjects\web\songcms\framework\base\CApplication.php(180): CWebApplication->processRequest()
#2 F:\MyProjects\web\songcms\index.php(13): CApplication->run()
#3 {main}
REQUEST_URI=/static/js/ckeditor/plugins/colordialog/ckeditor.js
HTTP_REFERER=http://songcms.cc/admin/edithtml/create
---
2014/08/09 13:10:37 [error] [exception.CHttpException.404] exception 'CHttpException' with message 'Unable to resolve the request "static/js/ckeditor/plugins/colordialog/ckeditor.js".' in F:\MyProjects\web\songcms\framework\web\CWebApplication.php:286
Stack trace:
#0 F:\MyProjects\web\songcms\framework\web\CWebApplication.php(141): CWebApplication->runController('static/js/ckedi...')
#1 F:\MyProjects\web\songcms\framework\base\CApplication.php(180): CWebApplication->processRequest()
#2 F:\MyProjects\web\songcms\index.php(13): CApplication->run()
#3 {main}
REQUEST_URI=/static/js/ckeditor/plugins/colordialog/ckeditor.js
HTTP_REFERER=http://songcms.cc/admin/edithtml/create/id
---
2014/08/09 13:11:54 [error] [exception.CHttpException.404] exception 'CHttpException' with message 'Unable to resolve the request "static/js/ckeditor/plugins/colordialog/ckeditor.js".' in F:\MyProjects\web\songcms\framework\web\CWebApplication.php:286
Stack trace:
#0 F:\MyProjects\web\songcms\framework\web\CWebApplication.php(141): CWebApplication->runController('static/js/ckedi...')
#1 F:\MyProjects\web\songcms\framework\base\CApplication.php(180): CWebApplication->processRequest()
#2 F:\MyProjects\web\songcms\index.php(13): CApplication->run()
#3 {main}
REQUEST_URI=/static/js/ckeditor/plugins/colordialog/ckeditor.js
HTTP_REFERER=http://songcms.cc/admin/edithtml/create
---
2014/08/11 09:48:27 [error] [exception.CHttpException.404] exception 'CHttpException' with message 'Unable to resolve the request "favicon.ico".' in F:\MyProjects\web\songcms\framework\web\CWebApplication.php:286
Stack trace:
#0 F:\MyProjects\web\songcms\framework\web\CWebApplication.php(141): CWebApplication->runController('favicon.ico')
#1 F:\MyProjects\web\songcms\framework\base\CApplication.php(180): CWebApplication->processRequest()
#2 F:\MyProjects\web\songcms\index.php(13): CApplication->run()
#3 {main}
REQUEST_URI=/favicon.ico
---
2014/08/11 09:50:26 [error] [exception.CHttpException.404] exception 'CHttpException' with message 'Unable to resolve the request "static/js/ckeditor/plugins/colordialog/ckeditor.js".' in F:\MyProjects\web\songcms\framework\web\CWebApplication.php:286
Stack trace:
#0 F:\MyProjects\web\songcms\framework\web\CWebApplication.php(141): CWebApplication->runController('static/js/ckedi...')
#1 F:\MyProjects\web\songcms\framework\base\CApplication.php(180): CWebApplication->processRequest()
#2 F:\MyProjects\web\songcms\index.php(13): CApplication->run()
#3 {main}
REQUEST_URI=/static/js/ckeditor/plugins/colordialog/ckeditor.js
HTTP_REFERER=http://songcms.cc/admin/editHtml/create/
---
2014/08/11 09:55:47 [error] [exception.CHttpException.404] exception 'CHttpException' with message 'Unable to resolve the request "static/js/ckeditor/plugins/colordialog/ckeditor.js".' in F:\MyProjects\web\songcms\framework\web\CWebApplication.php:286
Stack trace:
#0 F:\MyProjects\web\songcms\framework\web\CWebApplication.php(141): CWebApplication->runController('static/js/ckedi...')
#1 F:\MyProjects\web\songcms\framework\base\CApplication.php(180): CWebApplication->processRequest()
#2 F:\MyProjects\web\songcms\index.php(13): CApplication->run()
#3 {main}
REQUEST_URI=/static/js/ckeditor/plugins/colordialog/ckeditor.js
HTTP_REFERER=http://songcms.cc/admin/editHtml/create
---
2014/08/11 09:57:27 [error] [exception.CHttpException.404] exception 'CHttpException' with message 'Unable to resolve the request "static/js/ckeditor/plugins/colordialog/ckeditor.js".' in F:\MyProjects\web\songcms\framework\web\CWebApplication.php:286
Stack trace:
#0 F:\MyProjects\web\songcms\framework\web\CWebApplication.php(141): CWebApplication->runController('static/js/ckedi...')
#1 F:\MyProjects\web\songcms\framework\base\CApplication.php(180): CWebApplication->processRequest()
#2 F:\MyProjects\web\songcms\index.php(13): CApplication->run()
#3 {main}
REQUEST_URI=/static/js/ckeditor/plugins/colordialog/ckeditor.js
HTTP_REFERER=http://songcms.cc/admin/editHtml/create
---
